c:\users\user\desktop\charbel_cpp\build\console_app.dir\debug\vc143.pdb
c:\users\user\desktop\charbel_cpp\build\console_app.dir\debug\sqlite.obj
c:\users\user\desktop\charbel_cpp\build\console_app.dir\debug\file_mngmt.obj
c:\users\user\desktop\charbel_cpp\build\console_app.dir\debug\display_img.obj
c:\users\user\desktop\charbel_cpp\build\console_app.dir\debug\compress_jpeg.obj
c:\users\user\desktop\charbel_cpp\build\console_app.dir\debug\console_app.obj
c:\users\user\desktop\charbel_cpp\build\cmakefiles\generate.stamp
c:\users\user\desktop\charbel_cpp\build\debug\console_app.exe
c:\users\user\desktop\charbel_cpp\build\debug\console_app.pdb
c:\users\user\desktop\charbel_cpp\build\console_app.dir\debug\console_app.ilk
c:\users\user\desktop\charbel_cpp\build\console_app.dir\debug\console_app.tlog\cl.command.1.tlog
c:\users\user\desktop\charbel_cpp\build\console_app.dir\debug\console_app.tlog\cl.items.tlog
c:\users\user\desktop\charbel_cpp\build\console_app.dir\debug\console_app.tlog\cl.read.1.tlog
c:\users\user\desktop\charbel_cpp\build\console_app.dir\debug\console_app.tlog\cl.write.1.tlog
c:\users\user\desktop\charbel_cpp\build\console_app.dir\debug\console_app.tlog\custombuild.command.1.tlog
c:\users\user\desktop\charbel_cpp\build\console_app.dir\debug\console_app.tlog\custombuild.read.1.tlog
c:\users\user\desktop\charbel_cpp\build\console_app.dir\debug\console_app.tlog\custombuild.write.1.tlog
c:\users\user\desktop\charbel_cpp\build\console_app.dir\debug\console_app.tlog\link.command.1.tlog
c:\users\user\desktop\charbel_cpp\build\console_app.dir\debug\console_app.tlog\link.read.1.tlog
c:\users\user\desktop\charbel_cpp\build\console_app.dir\debug\console_app.tlog\link.secondary.1.tlog
c:\users\user\desktop\charbel_cpp\build\console_app.dir\debug\console_app.tlog\link.write.1.tlog
